
> ursa-optional@0.9.10 rebuild C:\Users\Dell\Desktop\Olzhas\Summer2021\node_modules\ursa-optional
> node-gyp rebuild


C:\Users\Dell\Desktop\Olzhas\Summer2021\node_modules\ursa-optional>if not defined npm_config_node_gyp (node "C:\Program Files\nodejs\node_modules\npm\node_modules\npm-lifecycle\node-gyp-bin\\..\..\node_modules\node-gyp\bin\node-gyp.js" rebuild )  else (node "C:\Program Files\nodejs\node_modules\npm\node_modules\node-gyp\bin\node-gyp.js" rebuild ) 
Building the projects in this solution one at a time. To enable parallel build, please add the "-m" switch.
  ursaNative.cc
  win_delay_load_hook.cc
C:\Users\Dell\AppData\Local\node-gyp\Cache\14.16.0\include\node\node.h(661,1): warning C4819: 현재 코드 페이지(949)에서 표시할 수 없는 문자가 파일에 들어 있습니다. 데이터가 손실되지 않게 하려면 해당 파일을 유니코드 형식으로 저장하십시오. (소스 파일 컴파일 중 ..\src\ursaNative.cc) [C:\Users\Dell\Desktop\Olzhas\Summer2021\node_modules\ursa-optional\build\ursaNative.vcxproj]
C:\Users\Dell\Desktop\Olzhas\Summer2021\node_modules\ursa-optional\src\ursaNative.cc(543,32): error C2660: 'v8::String::Utf8Length': 함수는 0개의 인수를 사용하지 않습니다. [C:\Users\Dell\Desktop\Olzhas\Summer2021\node_modules\ursa-optional\build\ursaNative.vcxproj]
C:\Users\Dell\AppData\Local\node-gyp\Cache\14.16.0\include\node\v8.h(2977,7): message : 'v8::String::Utf8Length' 선언을 참조하십시오. (소스 파일 컴파일 중 ..\src\ursaNative.cc) [C:\Users\Dell\Desktop\Olzhas\Summer2021\node_modules\ursa-optional\build\ursaNative.vcxproj]
C:\Users\Dell\Desktop\Olzhas\Summer2021\node_modules\ursa-optional\src\ursaNative.cc(553,36): error C2664: 'int v8::String::WriteUtf8(v8::Isolate *,char *,int,int *,int) const': 인수 1을(를) 'char *'에서 'v8::Isolate *'(으)로 변환할 수 없습니다. [C:\Users\Dell\Desktop\Olzhas\Summer2021\node_modules\ursa-optional\build\ursaNative.vcxproj]
C:\Users\Dell\Desktop\Olzhas\Summer2021\node_modules\ursa-optional\src\ursaNative.cc(553,18): message : 가리킨 형식이 관련이 없습니다. 변환하려면 reinterpret_cast, C 스타일 캐스트 또는 함수 스타일 캐스트가 필요합니다. [C:\Users\Dell\Desktop\Olzhas\Summer2021\node_modules\ursa-optional\build\ursaNative.vcxproj]
C:\Users\Dell\AppData\Local\node-gyp\Cache\14.16.0\include\node\v8.h(3037,7): message : 'v8::String::WriteUtf8' 선언을 참조하십시오. (소스 파일 컴파일 중 ..\src\ursaNative.cc) [C:\Users\Dell\Desktop\Olzhas\Summer2021\node_modules\ursa-optional\build\ursaNative.vcxproj]
C:\Users\Dell\Desktop\Olzhas\Summer2021\node_modules\ursa-optional\src\ursaNative.cc(690,68): error C2660: 'v8::FunctionTemplate::GetFunction': 함수는 0개의 인수를 사용하지 않습니다. [C:\Users\Dell\Desktop\Olzhas\Summer2021\node_modules\ursa-optional\build\ursaNative.vcxproj]
C:\Users\Dell\AppData\Local\node-gyp\Cache\14.16.0\include\node\v8.h(6482,46): message : 'v8::FunctionTemplate::GetFunction' 선언을 참조하십시오. (소스 파일 컴파일 중 ..\src\ursaNative.cc) [C:\Users\Dell\Desktop\Olzhas\Summer2021\node_modules\ursa-optional\build\ursaNative.vcxproj]
C:\Users\Dell\Desktop\Olzhas\Summer2021\node_modules\ursa-optional\src\ursaNative.cc(690,69): error C2661: 'v8::Object::Set': 오버로드된 함수에서 1개의 인수를 사용하지 않습니다. [C:\Users\Dell\Desktop\Olzhas\Summer2021\node_modules\ursa-optional\build\ursaNative.vcxproj]
C:\Users\Dell\Desktop\Olzhas\Summer2021\node_modules\ursa-optional\src\ursaNative.cc(691,38): error C2660: 'v8::FunctionTemplate::GetFunction': 함수는 0개의 인수를 사용하지 않습니다. [C:\Users\Dell\Desktop\Olzhas\Summer2021\node_modules\ursa-optional\build\ursaNative.vcxproj]
C:\Users\Dell\AppData\Local\node-gyp\Cache\14.16.0\include\node\v8.h(6482,46): message : 'v8::FunctionTemplate::GetFunction' 선언을 참조하십시오. (소스 파일 컴파일 중 ..\src\ursaNative.cc) [C:\Users\Dell\Desktop\Olzhas\Summer2021\node_modules\ursa-optional\build\ursaNative.vcxproj]
C:\Users\Dell\Desktop\Olzhas\Summer2021\node_modules\ursa-optional\src\ursaNative.cc(691,39): error C2660: 'Nan::Persistent<v8::Function,v8::NonCopyablePersistentTraits<T>>::Reset': 함수는 1개의 인수를 사용하지 않습니다. [C:\Users\Dell\Desktop\Olzhas\Summer2021\node_modules\ursa-optional\build\ursaNative.vcxproj]
          with
          [
              T=v8::Function
          ]
C:\Users\Dell\Desktop\Olzhas\Summer2021\node_modules\nan\nan_persistent_12_inl.h(25,15): message : 'Nan::Persistent<v8::Function,v8::NonCopyablePersistentTraits<T>>::Reset' 선언을 참조하십시오. [C:\Users\Dell\Desktop\Olzhas\Summer2021\node_modules\ursa-optional\build\ursaNative.vcxproj]
          with
          [
              T=v8::Function
          ] (소스 파일 컴파일 중 ..\src\ursaNative.cc)
C:\Users\Dell\Desktop\Olzhas\Summer2021\node_modules\ursa-optional\src\ursaNative.cc(693,104): error C2660: 'v8::FunctionTemplate::GetFunction': 함수는 0개의 인수를 사용하지 않습니다. [C:\Users\Dell\Desktop\Olzhas\Summer2021\node_modules\ursa-optional\build\ursaNative.vcxproj]
C:\Users\Dell\AppData\Local\node-gyp\Cache\14.16.0\include\node\v8.h(6482,46): message : 'v8::FunctionTemplate::GetFunction' 선언을 참조하십시오. (소스 파일 컴파일 중 ..\src\ursaNative.cc) [C:\Users\Dell\Desktop\Olzhas\Summer2021\node_modules\ursa-optional\build\ursaNative.vcxproj]
C:\Users\Dell\Desktop\Olzhas\Summer2021\node_modules\ursa-optional\src\ursaNative.cc(693,105): error C2661: 'v8::Object::Set': 오버로드된 함수에서 1개의 인수를 사용하지 않습니다. [C:\Users\Dell\Desktop\Olzhas\Summer2021\node_modules\ursa-optional\build\ursaNative.vcxproj]
C:\Users\Dell\Desktop\Olzhas\Summer2021\node_modules\ursa-optional\src\ursaNative.cc(866,42): error C2660: 'v8::Value::Uint32Value': 함수는 0개의 인수를 사용하지 않습니다. [C:\Users\Dell\Desktop\Olzhas\Summer2021\node_modules\ursa-optional\build\ursaNative.vcxproj]
C:\Users\Dell\AppData\Local\node-gyp\Cache\14.16.0\include\node\v8.h(2866,41): message : 'v8::Value::Uint32Value' 선언을 참조하십시오. (소스 파일 컴파일 중 ..\src\ursaNative.cc) [C:\Users\Dell\Desktop\Olzhas\Summer2021\node_modules\ursa-optional\build\ursaNative.vcxproj]
C:\Users\Dell\Desktop\Olzhas\Summer2021\node_modules\ursa-optional\src\ursaNative.cc(867,39): error C2660: 'v8::Value::Uint32Value': 함수는 0개의 인수를 사용하지 않습니다. [C:\Users\Dell\Desktop\Olzhas\Summer2021\node_modules\ursa-optional\build\ursaNative.vcxproj]
C:\Users\Dell\AppData\Local\node-gyp\Cache\14.16.0\include\node\v8.h(2866,41): message : 'v8::Value::Uint32Value' 선언을 참조하십시오. (소스 파일 컴파일 중 ..\src\ursaNative.cc) [C:\Users\Dell\Desktop\Olzhas\Summer2021\node_modules\ursa-optional\build\ursaNative.vcxproj]
C:\Users\Dell\Desktop\Olzhas\Summer2021\node_modules\ursa-optional\src\ursaNative.cc(1103,38): error C2660: 'v8::Value::Uint32Value': 함수는 0개의 인수를 사용하지 않습니다. [C:\Users\Dell\Desktop\Olzhas\Summer2021\node_modules\ursa-optional\build\ursaNative.vcxproj]
C:\Users\Dell\AppData\Local\node-gyp\Cache\14.16.0\include\node\v8.h(2866,41): message : 'v8::Value::Uint32Value' 선언을 참조하십시오. (소스 파일 컴파일 중 ..\src\ursaNative.cc) [C:\Users\Dell\Desktop\Olzhas\Summer2021\node_modules\ursa-optional\build\ursaNative.vcxproj]
C:\Users\Dell\Desktop\Olzhas\Summer2021\node_modules\ursa-optional\src\ursaNative.cc(1161,38): error C2660: 'v8::Value::Uint32Value': 함수는 0개의 인수를 사용하지 않습니다. [C:\Users\Dell\Desktop\Olzhas\Summer2021\node_modules\ursa-optional\build\ursaNative.vcxproj]
C:\Users\Dell\AppData\Local\node-gyp\Cache\14.16.0\include\node\v8.h(2866,41): message : 'v8::Value::Uint32Value' 선언을 참조하십시오. (소스 파일 컴파일 중 ..\src\ursaNative.cc) [C:\Users\Dell\Desktop\Olzhas\Summer2021\node_modules\ursa-optional\build\ursaNative.vcxproj]
C:\Users\Dell\Desktop\Olzhas\Summer2021\node_modules\ursa-optional\src\ursaNative.cc(1218,38): error C2660: 'v8::Value::Uint32Value': 함수는 0개의 인수를 사용하지 않습니다. [C:\Users\Dell\Desktop\Olzhas\Summer2021\node_modules\ursa-optional\build\ursaNative.vcxproj]
C:\Users\Dell\AppData\Local\node-gyp\Cache\14.16.0\include\node\v8.h(2866,41): message : 'v8::Value::Uint32Value' 선언을 참조하십시오. (소스 파일 컴파일 중 ..\src\ursaNative.cc) [C:\Users\Dell\Desktop\Olzhas\Summer2021\node_modules\ursa-optional\build\ursaNative.vcxproj]
C:\Users\Dell\Desktop\Olzhas\Summer2021\node_modules\ursa-optional\src\ursaNative.cc(1272,38): error C2660: 'v8::Value::Uint32Value': 함수는 0개의 인수를 사용하지 않습니다. [C:\Users\Dell\Desktop\Olzhas\Summer2021\node_modules\ursa-optional\build\ursaNative.vcxproj]
C:\Users\Dell\AppData\Local\node-gyp\Cache\14.16.0\include\node\v8.h(2866,41): message : 'v8::Value::Uint32Value' 선언을 참조하십시오. (소스 파일 컴파일 중 ..\src\ursaNative.cc) [C:\Users\Dell\Desktop\Olzhas\Summer2021\node_modules\ursa-optional\build\ursaNative.vcxproj]
C:\Users\Dell\Desktop\Olzhas\Summer2021\node_modules\ursa-optional\src\ursaNative.cc(1411,34): error C2660: 'v8::Value::Uint32Value': 함수는 0개의 인수를 사용하지 않습니다. [C:\Users\Dell\Desktop\Olzhas\Summer2021\node_modules\ursa-optional\build\ursaNative.vcxproj]
C:\Users\Dell\AppData\Local\node-gyp\Cache\14.16.0\include\node\v8.h(2866,41): message : 'v8::Value::Uint32Value' 선언을 참조하십시오. (소스 파일 컴파일 중 ..\src\ursaNative.cc) [C:\Users\Dell\Desktop\Olzhas\Summer2021\node_modules\ursa-optional\build\ursaNative.vcxproj]
C:\Users\Dell\Desktop\Olzhas\Summer2021\node_modules\ursa-optional\src\ursaNative.cc(1477,34): error C2660: 'v8::Value::Uint32Value': 함수는 0개의 인수를 사용하지 않습니다. [C:\Users\Dell\Desktop\Olzhas\Summer2021\node_modules\ursa-optional\build\ursaNative.vcxproj]
C:\Users\Dell\AppData\Local\node-gyp\Cache\14.16.0\include\node\v8.h(2866,41): message : 'v8::Value::Uint32Value' 선언을 참조하십시오. (소스 파일 컴파일 중 ..\src\ursaNative.cc) [C:\Users\Dell\Desktop\Olzhas\Summer2021\node_modules\ursa-optional\build\ursaNative.vcxproj]
C:\Users\Dell\Desktop\Olzhas\Summer2021\node_modules\ursa-optional\src\ursaNative.cc(1554,34): error C2660: 'v8::Value::Uint32Value': 함수는 0개의 인수를 사용하지 않습니다. [C:\Users\Dell\Desktop\Olzhas\Summer2021\node_modules\ursa-optional\build\ursaNative.vcxproj]
C:\Users\Dell\AppData\Local\node-gyp\Cache\14.16.0\include\node\v8.h(2866,41): message : 'v8::Value::Uint32Value' 선언을 참조하십시오. (소스 파일 컴파일 중 ..\src\ursaNative.cc) [C:\Users\Dell\Desktop\Olzhas\Summer2021\node_modules\ursa-optional\build\ursaNative.vcxproj]
C:\Users\Dell\Desktop\Olzhas\Summer2021\node_modules\ursa-optional\src\ursaNative.cc(1584,35): error C2660: 'v8::Value::Uint32Value': 함수는 0개의 인수를 사용하지 않습니다. [C:\Users\Dell\Desktop\Olzhas\Summer2021\node_modules\ursa-optional\build\ursaNative.vcxproj]
C:\Users\Dell\AppData\Local\node-gyp\Cache\14.16.0\include\node\v8.h(2866,41): message : 'v8::Value::Uint32Value' 선언을 참조하십시오. (소스 파일 컴파일 중 ..\src\ursaNative.cc) [C:\Users\Dell\Desktop\Olzhas\Summer2021\node_modules\ursa-optional\build\ursaNative.vcxproj]
C:\Users\Dell\Desktop\Olzhas\Summer2021\node_modules\ursa-optional\src\ursaNative.cc(1627,34): error C2660: 'v8::Value::Uint32Value': 함수는 0개의 인수를 사용하지 않습니다. [C:\Users\Dell\Desktop\Olzhas\Summer2021\node_modules\ursa-optional\build\ursaNative.vcxproj]
C:\Users\Dell\AppData\Local\node-gyp\Cache\14.16.0\include\node\v8.h(2866,41): message : 'v8::Value::Uint32Value' 선언을 참조하십시오. (소스 파일 컴파일 중 ..\src\ursaNative.cc) [C:\Users\Dell\Desktop\Olzhas\Summer2021\node_modules\ursa-optional\build\ursaNative.vcxproj]
C:\Users\Dell\Desktop\Olzhas\Summer2021\node_modules\ursa-optional\src\ursaNative.cc(1674,35): error C2660: 'v8::Value::Uint32Value': 함수는 0개의 인수를 사용하지 않습니다. [C:\Users\Dell\Desktop\Olzhas\Summer2021\node_modules\ursa-optional\build\ursaNative.vcxproj]
C:\Users\Dell\AppData\Local\node-gyp\Cache\14.16.0\include\node\v8.h(2866,41): message : 'v8::Value::Uint32Value' 선언을 참조하십시오. (소스 파일 컴파일 중 ..\src\ursaNative.cc) [C:\Users\Dell\Desktop\Olzhas\Summer2021\node_modules\ursa-optional\build\ursaNative.vcxproj]
